Command: /home/dzplay/work/uvmExplore/explore/00process/./simv -l simv.log +UVM_TESTNAME=test
Chronologic VCS simulator copyright 1991-2018
Contains Synopsys proprietary information.
Compiler version O-2018.09-SP2_Full64; Runtime version O-2018.09-SP2_Full64;  Jun 15 00:52 2024
----------------------------------------------------------------
UVM-1.1b
(C) 2007-2012 Mentor Graphics Corporation
(C) 2007-2012 Cadence Design Systems, Inc.
(C) 2006-2012 Synopsys, Inc.
(C) 2011-2012 Cypress Semiconductor Corp.
----------------------------------------------------------------

  ***********       IMPORTANT RELEASE NOTES         ************

  You are using a version of the UVM library that has been compiled
  with `UVM_NO_DEPRECATED undefined.
  See http://www.eda.org/svdb/view.php?id=3313 for more details.

      (Specify +UVM_NO_RELNOTES to turn off this notice)

UVM_INFO @ 0: reporter [RNTST] Running test test...
UVM_INFO test.sv(68) @ 0: uvm_test_top [drive start] Setting drain time of 10
UVM_INFO test.sv(33) @ 0: reporter [car::] stall started
UVM_INFO test.sv(42) @ 1: reporter [car::] park started
UVM_INFO test.sv(45) @ 2: reporter [car::] park finished
UVM_INFO test.sv(37) @ 2: reporter [car::] stall finished
UVM_INFO test.sv(72) @ 10: uvm_test_top [drive finish] Setting drain time of 10
UVM_INFO /home/dzplay/work/uvmExplore/distrib/src/base/uvm_objection.svh(1119) @ 10: reporter [TEST_DONE] 'run' phase is ready to proceed to the 'extract' phase
** UVM TEST PASSED **

--- UVM Report Summary ---

** Report counts by severity
UVM_INFO :    8
UVM_WARNING :    0
UVM_ERROR :    0
UVM_FATAL :    0
** Report counts by id
[RNTST]     1
[TEST_DONE]     1
[car::]     4
[drive finish]     1
[drive start]     1
$finish called from file "/home/dzplay/work/uvmExplore/distrib/src/base/uvm_root.svh", line 408.
$finish at simulation time                   10
           V C S   S i m u l a t i o n   R e p o r t 
Time: 10 ns
CPU Time:      0.310 seconds;       Data structure size:   0.3Mb
Sat Jun 15 00:52:58 2024
